\BOOKMARK [0][-]{chapter*.1}{\376\377\000D\000e\000c\000l\000a\000r\000a\000t\000i\000o\000n}{}% 1
\BOOKMARK [0][-]{chapter*.2}{\376\377\000A\000c\000k\000n\000o\000w\000l\000e\000d\000g\000e\000m\000e\000n\000t\000s}{}% 2
\BOOKMARK [0][-]{chapter*.3}{\376\377\000A\000I\000\040\000D\000i\000s\000c\000l\000o\000s\000u\000r\000e}{}% 3
\BOOKMARK [0][-]{chapter*.4}{\376\377\000A\000b\000s\000t\000r\000a\000c\000t}{}% 4
\BOOKMARK [0][-]{chapter*.4}{\376\377\000L\000i\000s\000t\000\040\000o\000f\000\040\000F\000i\000g\000u\000r\000e\000s}{}% 5
\BOOKMARK [0][-]{chapter*.4}{\376\377\000L\000i\000s\000t\000\040\000o\000f\000\040\000T\000a\000b\000l\000e\000s}{}% 6
\BOOKMARK [-1][-]{part.1}{\376\377\000I\000\040\000F\000o\000u\000n\000d\000a\000t\000i\000o\000n\000s\000\040\000a\000n\000d\000\040\000C\000i\000r\000c\000u\000i\000t\000\040\000M\000o\000d\000e\000l}{}% 7
\BOOKMARK [0][-]{chapter.1}{\376\377\000F\000o\000u\000n\000d\000a\000t\000i\000o\000n\000s}{part.1}% 8
\BOOKMARK [1][-]{section.1.1}{\376\377\000Q\000u\000a\000n\000t\000u\000m\000\040\000C\000o\000m\000p\000u\000t\000a\000t\000i\000o\000n\000\040\000a\000n\000d\000\040\000Q\000u\000a\000n\000t\000u\000m\000\040\000I\000n\000f\000o\000r\000m\000a\000t\000i\000o\000n}{chapter.1}% 9
\BOOKMARK [1][-]{section.1.2}{\376\377\000S\000c\000o\000p\000e\000\040\000a\000n\000d\000\040\000O\000r\000g\000a\000n\000i\000s\000a\000t\000i\000o\000n}{chapter.1}% 10
\BOOKMARK [1][-]{section.1.3}{\376\377\000T\000h\000r\000e\000e\000\040\000M\000o\000d\000e\000l\000s\000\040\000o\000f\000\040\000C\000o\000m\000p\000u\000t\000a\000t\000i\000o\000n}{chapter.1}% 11
\BOOKMARK [1][-]{section.1.4}{\376\377\000D\000i\000r\000a\000c\000\040\000N\000o\000t\000a\000t\000i\000o\000n}{chapter.1}% 12
\BOOKMARK [1][-]{section.1.5}{\376\377\000H\000i\000l\000b\000e\000r\000t\000\040\000S\000p\000a\000c\000e\000s}{chapter.1}% 13
\BOOKMARK [2][-]{subsection.1.5.1}{\376\377\000I\000n\000n\000e\000r\000\040\000P\000r\000o\000d\000u\000c\000t\000\040\000o\000n\000\040\000C\000n}{section.1.5}% 14
\BOOKMARK [1][-]{section.1.6}{\376\377\000O\000p\000e\000r\000a\000t\000o\000r\000s}{chapter.1}% 15
\BOOKMARK [2][-]{subsection.1.6.1}{\376\377\000N\000o\000r\000m\000a\000l\000\040\000O\000p\000e\000r\000a\000t\000o\000r\000s}{section.1.6}% 16
\BOOKMARK [2][-]{subsection.1.6.2}{\376\377\000U\000n\000i\000t\000a\000r\000y\000\040\000O\000p\000e\000r\000a\000t\000o\000r\000s}{section.1.6}% 17
\BOOKMARK [2][-]{subsection.1.6.3}{\376\377\000H\000e\000r\000m\000i\000t\000i\000a\000n\000\040\000O\000p\000e\000r\000a\000t\000o\000r\000s}{section.1.6}% 18
\BOOKMARK [1][-]{section.1.7}{\376\377\000T\000h\000e\000\040\000F\000o\000u\000r\000\040\000P\000o\000s\000t\000u\000l\000a\000t\000e\000s}{chapter.1}% 19
\BOOKMARK [1][-]{section.1.8}{\376\377\000Q\000u\000a\000n\000t\000u\000m\000\040\000m\000o\000d\000e\000l\000\040\000o\000f\000\040\000c\000o\000m\000p\000u\000t\000a\000t\000i\000o\000n}{chapter.1}% 20
\BOOKMARK [1][-]{section.1.9}{\376\377\000Q\000u\000a\000n\000t\000u\000m\000\040\000B\000i\000t\000s}{chapter.1}% 21
\BOOKMARK [2][-]{subsection.1.9.1}{\376\377\000S\000i\000n\000g\000l\000e\000\040\000q\000u\000b\000i\000t\000s}{section.1.9}% 22
\BOOKMARK [2][-]{subsection.1.9.2}{\376\377\000S\000i\000n\000g\000l\000e\000-\000q\000u\000b\000i\000t\000\040\000g\000a\000t\000e\000s}{section.1.9}% 23
\BOOKMARK [2][-]{subsection.1.9.3}{\376\377\000M\000u\000l\000t\000i\000-\000q\000u\000b\000i\000t\000s}{section.1.9}% 24
\BOOKMARK [2][-]{subsection.1.9.4}{\376\377\000M\000u\000l\000t\000i\000-\000q\000u\000b\000i\000t\000\040\000g\000a\000t\000e\000s}{section.1.9}% 25
\BOOKMARK [1][-]{section.1.10}{\376\377\000G\000l\000o\000b\000a\000l\000\040\000a\000n\000d\000\040\000R\000e\000l\000a\000t\000i\000v\000e\000\040\000P\000h\000a\000s\000e}{chapter.1}% 26
\BOOKMARK [1][-]{section.1.11}{\376\377\000C\000o\000n\000c\000l\000u\000s\000i\000o\000n\000\040\000t\000o\000\040\000F\000o\000u\000n\000d\000a\000t\000i\000o\000n\000s}{chapter.1}% 27
\BOOKMARK [0][-]{chapter.2}{\376\377\000C\000i\000r\000c\000u\000i\000t\000s}{part.1}% 28
\BOOKMARK [1][-]{section.2.1}{\376\377\000C\000i\000r\000c\000u\000i\000t\000\040\000S\000t\000r\000u\000c\000t\000u\000r\000e\000\040\000a\000n\000d\000\040\000C\000o\000m\000p\000l\000e\000x\000i\000t\000y}{chapter.2}% 29
\BOOKMARK [1][-]{section.2.2}{\376\377\000U\000n\000i\000v\000e\000r\000s\000a\000l\000i\000t\000y}{chapter.2}% 30
\BOOKMARK [2][-]{subsection.2.2.1}{\376\377\000U\000n\000i\000v\000e\000r\000s\000a\000l\000\040\000S\000e\000t\000s}{section.2.2}% 31
\BOOKMARK [1][-]{section.2.3}{\376\377\000U\000n\000i\000v\000e\000r\000s\000a\000l\000i\000t\000y\000\040\000c\000o\000m\000e\000s\000\040\000w\000i\000t\000h\000\040\000a\000\040\000c\000a\000t\000c\000h\000\040\040\024\000A\000p\000p\000r\000o\000x\000i\000m\000a\000t\000i\000o\000n}{chapter.2}% 32
\BOOKMARK [1][-]{section.2.4}{\376\377\000N\000o\000t\000\040\000a\000l\000l\000\040\000g\000a\000t\000e\000\040\000s\000e\000t\000s\000\040\000m\000a\000k\000e\000\040\000t\000h\000e\000\040\000c\000u\000t\000\040\000f\000o\000r\000\040\000U\000n\000i\000v\000e\000r\000s\000a\000l\000i\000t\000y}{chapter.2}% 33
\BOOKMARK [1][-]{section.2.5}{\376\377\000D\000e\000c\000o\000m\000p\000o\000s\000i\000t\000i\000o\000n\000\040\000o\000f\000\040\000S\000i\000n\000g\000l\000e\000-\000Q\000u\000b\000i\000t\000\040\000U\000n\000i\000t\000a\000r\000i\000e\000s}{chapter.2}% 34
\BOOKMARK [2][-]{subsection.2.5.1}{\376\377\000Z\000-\000Y\000\040\000D\000e\000c\000o\000m\000p\000o\000s\000i\000t\000i\000o\000n}{section.2.5}% 35
\BOOKMARK [2][-]{subsection.2.5.2}{\376\377\000T\000h\000e\000\040\000Z\000-\000X\000\040\000V\000a\000r\000i\000a\000n\000t}{section.2.5}% 36
\BOOKMARK [2][-]{subsection.2.5.3}{\376\377\000T\000h\000e\000\040\000X\000-\000Y\000\040\000V\000a\000r\000i\000a\000n\000t}{section.2.5}% 37
\BOOKMARK [1][-]{section.2.6}{\376\377\000A\000B\000C\000\040\000F\000a\000c\000t\000o\000r\000i\000s\000a\000t\000i\000o\000n}{chapter.2}% 38
\BOOKMARK [1][-]{section.2.7}{\376\377\000U\000n\000i\000v\000e\000r\000s\000a\000l\000i\000t\000y\000\040\000o\000f\000\040\000S\000i\000n\000g\000l\000e\000-\000Q\000u\000b\000i\000t\000\040\000G\000a\000t\000e\000s\000\040\000a\000n\000d\000\040\000C\000N\000O\000T}{chapter.2}% 39
\BOOKMARK [1][-]{section.2.8}{\376\377\000T\000h\000e\000\040\000G\000r\000a\000y\000\040\000C\000o\000d\000e\000\040\000A\000r\000g\000u\000m\000e\000n\000t\000\040\000f\000o\000r\000\040\000n\000-\000Q\000u\000b\000i\000t\000\040\000U\000n\000i\000v\000e\000r\000s\000a\000l\000i\000t\000y}{chapter.2}% 40
\BOOKMARK [1][-]{section.2.9}{\376\377\000T\000h\000e\000\040\000K\000A\000K\000\040\000D\000e\000c\000o\000m\000p\000o\000s\000i\000t\000i\000o\000n}{chapter.2}% 41
\BOOKMARK [1][-]{section.2.10}{\376\377\000T\000h\000e\000\040\000C\000o\000s\000i\000n\000e\000-\000S\000i\000n\000e\000\040\000D\000e\000c\000o\000m\000p\000o\000s\000i\000t\000i\000o\000n}{chapter.2}% 42
\BOOKMARK [1][-]{section.2.11}{\376\377\000T\000h\000e\000\040\000C\000a\000r\000t\000a\000n\000\040\000D\000e\000c\000o\000m\000p\000o\000s\000i\000t\000i\000o\000n}{chapter.2}% 43
\BOOKMARK [1][-]{section.2.12}{\376\377\000T\000h\000e\000\040\000K\000r\000a\000u\000s\000-\000C\000i\000r\000a\000c\000\040\000D\000e\000c\000o\000m\000p\000o\000s\000i\000t\000i\000o\000n}{chapter.2}% 44
\BOOKMARK [1][-]{section.2.13}{\376\377\000S\000u\000m\000m\000a\000r\000y}{chapter.2}% 45
\BOOKMARK [-1][-]{part.2}{\376\377\000I\000I\000\040\000O\000p\000t\000i\000m\000a\000l\000i\000t\000y}{}% 46
\BOOKMARK [0][-]{chapter.3}{\376\377\000O\000p\000t\000i\000m\000a\000l\000\040\000D\000e\000c\000o\000m\000p\000o\000s\000i\000t\000i\000o\000n\000\040\000o\000f\000\040\000U\000n\000i\000t\000a\000r\000y\000\040\000O\000p\000e\000r\000a\000t\000o\000r\000s}{part.2}% 47
\BOOKMARK [1][-]{section.3.1}{\376\377\000O\000p\000t\000i\000m\000a\000l\000\040\000T\000w\000o\000-\000Q\000u\000b\000i\000t\000\040\000G\000a\000t\000e\000\040\000S\000y\000n\000t\000h\000e\000s\000i\000s}{chapter.3}% 48
\BOOKMARK [2][-]{subsection.3.1.1}{\376\377\000T\000h\000e\000\040\000P\000r\000o\000b\000l\000e\000m\000\040\000a\000n\000d\000\040\000W\000h\000a\000t\000\040\000W\000a\000s\000\040\000K\000n\000o\000w\000n}{section.3.1}% 49
\BOOKMARK [2][-]{subsection.3.1.2}{\376\377\000W\000h\000y\000\040\000T\000h\000r\000e\000e\000\040\000P\000a\000r\000a\000m\000e\000t\000e\000r\000s\000\040\000R\000e\000q\000u\000i\000r\000e\000\040\000T\000h\000r\000e\000e\000\040\000C\000N\000O\000T\000s}{section.3.1}% 50
\BOOKMARK [2][-]{subsection.3.1.3}{\376\377\000T\000h\000e\000\040\000T\000h\000r\000e\000e\000\040\000T\000i\000e\000r\000s\000:\000\040\000V\000a\000t\000a\000n\000\040\000a\000n\000d\000\040\000W\000i\000l\000l\000i\000a\000m\000s}{section.3.1}% 51
\BOOKMARK [2][-]{subsection.3.1.4}{\376\377\000W\000h\000a\000t\000\040\000t\000h\000e\000\040\000T\000w\000o\000\040\000P\000a\000p\000e\000r\000s\000\040\000T\000o\000g\000e\000t\000h\000e\000r\000\040\000G\000i\000v\000e\000\040\000U\000s}{section.3.1}% 52
\BOOKMARK [1][-]{section.3.2}{\376\377\000T\000h\000e\000\040\000E\000n\000t\000a\000n\000g\000l\000e\000m\000e\000n\000t\000\040\000S\000t\000r\000u\000c\000t\000u\000r\000e\000\040\000o\000f\000\040\000T\000h\000r\000e\000e\000-\000Q\000u\000b\000i\000t\000\040\000S\000t\000a\000t\000e\000s}{chapter.3}% 53
\BOOKMARK [2][-]{subsection.3.2.1}{\376\377\000S\000L\000O\000C\000C\000\040\000C\000l\000a\000s\000s\000i\000f\000i\000c\000a\000t\000i\000o\000n\000:\000\040\000D\000\374\000r\000,\000\040\000V\000i\000d\000a\000l\000,\000\040\000a\000n\000d\000\040\000C\000i\000r\000a\000c}{section.3.2}% 54
\BOOKMARK [2][-]{subsection.3.2.2}{\376\377\000W\000h\000y\000\040\000T\000h\000i\000s\000\040\000M\000a\000t\000t\000e\000r\000s\000\040\000f\000o\000r\000\040\000G\000a\000t\000e\000\040\000S\000y\000n\000t\000h\000e\000s\000i\000s}{section.3.2}% 55
\BOOKMARK [2][-]{subsection.3.2.3}{\376\377\000T\000h\000e\000\040\000G\000e\000n\000e\000r\000a\000l\000i\000s\000e\000d\000\040\000S\000c\000h\000m\000i\000d\000t\000\040\000D\000e\000c\000o\000m\000p\000o\000s\000i\000t\000i\000o\000n\000:\000\040\000A\000c\000\355\000n\000\040\000e\000t\000\040\000a\000l\000.}{section.3.2}% 56
\BOOKMARK [1][-]{section.3.3}{\376\377\000T\000h\000e\000\040\000T\000o\000f\000f\000o\000l\000i\000\040\000G\000a\000t\000e\000:\000\040\000A\000\040\000T\000h\000r\000e\000e\000-\000Q\000u\000b\000i\000t\000\040\000L\000o\000w\000e\000r\000\040\000B\000o\000u\000n\000d}{chapter.3}% 57
\BOOKMARK [2][-]{subsection.3.3.1}{\376\377\000T\000h\000e\000\040\000G\000a\000t\000e\000\040\000a\000n\000d\000\040\000t\000h\000e\000\040\000P\000r\000o\000b\000l\000e\000m}{section.3.3}% 58
\BOOKMARK [2][-]{subsection.3.3.2}{\376\377\000T\000h\000e\000\040\000R\000a\000n\000k\000\040\000A\000r\000g\000u\000m\000e\000n\000t}{section.3.3}% 59
\BOOKMARK [2][-]{subsection.3.3.3}{\376\377\000C\000o\000n\000n\000e\000c\000t\000i\000o\000n\000\040\000t\000o\000\040\000E\000n\000t\000a\000n\000g\000l\000e\000m\000e\000n\000t\000\040\000S\000t\000r\000u\000c\000t\000u\000r\000e}{section.3.3}% 60
\BOOKMARK [1][-]{section.3.4}{\376\377\000U\000n\000i\000f\000o\000r\000m\000l\000y\000\040\000C\000o\000n\000t\000r\000o\000l\000l\000e\000d\000\040\000R\000o\000t\000a\000t\000i\000o\000n\000s\000\040\000a\000n\000d\000\040\000A\000s\000y\000m\000p\000t\000o\000t\000i\000c\000\040\000O\000p\000t\000i\000m\000a\000l\000i\000t\000y}{chapter.3}% 61
\BOOKMARK [2][-]{subsection.3.4.1}{\376\377\000U\000n\000i\000f\000o\000r\000m\000l\000y\000\040\000C\000o\000n\000t\000r\000o\000l\000l\000e\000d\000\040\000R\000o\000t\000a\000t\000i\000o\000n\000s}{section.3.4}% 62
\BOOKMARK [2][-]{subsection.3.4.2}{\376\377\000D\000e\000c\000o\000m\000p\000o\000s\000i\000n\000g\000\040\000a\000\040\000U\000C\000R\000\040\000i\000n\000t\000o\000\040\000C\000N\000O\000T\000s}{section.3.4}% 63
\BOOKMARK [2][-]{subsection.3.4.3}{\376\377\000T\000h\000e\000\040\000F\000u\000l\000l\000\040\000D\000e\000c\000o\000m\000p\000o\000s\000i\000t\000i\000o\000n\000\040\000a\000n\000d\000\040\000G\000a\000t\000e\000\040\000C\000o\000u\000n\000t}{section.3.4}% 64
\BOOKMARK [1][-]{section.3.5}{\376\377\000B\000e\000y\000o\000n\000d\000\040\000t\000h\000e\000\040\000Q\000u\000a\000n\000t\000u\000m\000\040\000S\000h\000a\000n\000n\000o\000n\000\040\000D\000e\000c\000o\000m\000p\000o\000s\000i\000t\000i\000o\000n\000:\000\040\000B\000l\000o\000c\000k\000-\000Z\000X\000Z}{chapter.3}% 65
\BOOKMARK [2][-]{subsection.3.5.1}{\376\377\000T\000h\000e\000\040\000Q\000u\000a\000n\000t\000u\000m\000\040\000S\000h\000a\000n\000n\000o\000n\000\040\000D\000e\000c\000o\000m\000p\000o\000s\000i\000t\000i\000o\000n\000\040\000a\000n\000d\000\040\000I\000t\000s\000\040\000L\000i\000m\000i\000t}{section.3.5}% 66
\BOOKMARK [2][-]{subsection.3.5.2}{\376\377\000T\000h\000e\000\040\000B\000l\000o\000c\000k\000-\000Z\000X\000Z\000\040\000S\000t\000r\000u\000c\000t\000u\000r\000e}{section.3.5}% 67
\BOOKMARK [2][-]{subsection.3.5.3}{\376\377\000C\000o\000n\000n\000e\000c\000t\000i\000o\000n\000\040\000t\000o\000\040\000P\000a\000r\000t\000\040\000I}{section.3.5}% 68
\BOOKMARK [1][-]{section.3.6}{\376\377\000C\000o\000n\000c\000l\000u\000s\000i\000o\000n\000\040\000t\000o\000\040\000P\000a\000r\000t\000\040\000I\000I}{chapter.3}% 69
\BOOKMARK [-1][-]{part.3}{\376\377\000I\000I\000I\000\040\000Q\000u\000a\000n\000t\000u\000m\000\040\000C\000o\000m\000p\000o\000s\000e\000r}{}% 70
\BOOKMARK [0][-]{chapter.4}{\376\377\000O\000p\000e\000n\000\040\000Q\000u\000a\000n\000t\000u\000m\000\040\000C\000o\000m\000p\000o\000s\000e\000r\000\040\000P\000r\000o}{part.3}% 71
\BOOKMARK [1][-]{section.4.1}{\376\377\000I\000n\000t\000r\000o\000d\000u\000c\000t\000i\000o\000n}{chapter.4}% 72
\BOOKMARK [1][-]{section.4.2}{\376\377\000B\000a\000c\000k\000g\000r\000o\000u\000n\000d}{chapter.4}% 73
\BOOKMARK [1][-]{section.4.3}{\376\377\000P\000r\000o\000b\000l\000e\000m\000\040\000S\000t\000a\000t\000e\000m\000e\000n\000t}{chapter.4}% 74
\BOOKMARK [1][-]{section.4.4}{\376\377\000O\000b\000j\000e\000c\000t\000i\000v\000e\000s}{chapter.4}% 75
\BOOKMARK [1][-]{section.4.5}{\376\377\000R\000e\000l\000a\000t\000e\000d\000\040\000W\000o\000r\000k}{chapter.4}% 76
\BOOKMARK [1][-]{section.4.6}{\376\377\000S\000y\000s\000t\000e\000m\000\040\000A\000r\000c\000h\000i\000t\000e\000c\000t\000u\000r\000e}{chapter.4}% 77
\BOOKMARK [1][-]{section.4.7}{\376\377\000D\000i\000r\000e\000c\000t\000o\000r\000y\000\040\000S\000t\000r\000u\000c\000t\000u\000r\000e}{chapter.4}% 78
\BOOKMARK [1][-]{section.4.8}{\376\377\000M\000o\000d\000e\000l\000\040\000L\000a\000y\000e\000r}{chapter.4}% 79
\BOOKMARK [1][-]{section.4.9}{\376\377\000V\000i\000e\000w\000\040\000L\000a\000y\000e\000r}{chapter.4}% 80
\BOOKMARK [1][-]{section.4.10}{\376\377\000C\000o\000n\000t\000r\000o\000l\000l\000e\000r\000\040\000L\000a\000y\000e\000r}{chapter.4}% 81
\BOOKMARK [1][-]{section.4.11}{\376\377\000I\000m\000p\000l\000e\000m\000e\000n\000t\000a\000t\000i\000o\000n\000\040\000D\000e\000t\000a\000i\000l\000s}{chapter.4}% 82
\BOOKMARK [1][-]{section.4.12}{\376\377\000G\000U\000I\000\040\000F\000r\000a\000m\000e\000w\000o\000r\000k\000\040\000S\000e\000l\000e\000c\000t\000i\000o\000n}{chapter.4}% 83
\BOOKMARK [1][-]{section.4.13}{\376\377\000Q\000u\000a\000n\000t\000u\000m\000\040\000C\000o\000m\000p\000u\000t\000i\000n\000g\000\040\000F\000r\000a\000m\000e\000w\000o\000r\000k}{chapter.4}% 84
\BOOKMARK [1][-]{section.4.14}{\376\377\000K\000e\000y\000\040\000I\000m\000p\000l\000e\000m\000e\000n\000t\000a\000t\000i\000o\000n\000\040\000F\000e\000a\000t\000u\000r\000e\000s}{chapter.4}% 85
\BOOKMARK [1][-]{section.4.15}{\376\377\000D\000r\000a\000g\000-\000a\000n\000d\000-\000D\000r\000o\000p\000\040\000C\000i\000r\000c\000u\000i\000t\000\040\000D\000e\000s\000i\000g\000n}{chapter.4}% 86
\BOOKMARK [1][-]{section.4.16}{\376\377\000M\000u\000l\000t\000i\000-\000Q\000u\000b\000i\000t\000\040\000G\000a\000t\000e\000\040\000S\000u\000p\000p\000o\000r\000t}{chapter.4}% 87
\BOOKMARK [2][-]{subsection.4.16.1}{\376\377\000R\000o\000t\000a\000t\000i\000o\000n\000\040\000G\000a\000t\000e\000s\000\040\000w\000i\000t\000h\000\040\000P\000a\000r\000a\000m\000e\000t\000e\000r\000s}{section.4.16}% 88
\BOOKMARK [1][-]{section.4.17}{\376\377\000T\000w\000o\000-\000W\000a\000y\000\040\000C\000o\000d\000e\000\040\000S\000y\000n\000c\000h\000r\000o\000n\000i\000z\000a\000t\000i\000o\000n}{chapter.4}% 89
\BOOKMARK [1][-]{section.4.18}{\376\377\000S\000y\000s\000t\000e\000m\000\040\000F\000e\000a\000t\000u\000r\000e\000s}{chapter.4}% 90
\BOOKMARK [1][-]{section.4.19}{\376\377\000G\000a\000t\000e\000\040\000L\000i\000b\000r\000a\000r\000y}{chapter.4}% 91
\BOOKMARK [1][-]{section.4.20}{\376\377\000S\000i\000m\000u\000l\000a\000t\000i\000o\000n\000\040\000C\000a\000p\000a\000b\000i\000l\000i\000t\000i\000e\000s}{chapter.4}% 92
\BOOKMARK [1][-]{section.4.21}{\376\377\000E\000x\000p\000o\000r\000t\000\040\000F\000u\000n\000c\000t\000i\000o\000n\000a\000l\000i\000t\000y}{chapter.4}% 93
\BOOKMARK [1][-]{section.4.22}{\376\377\000T\000e\000s\000t\000i\000n\000g\000\040\000A\000p\000p\000r\000o\000a\000c\000h}{chapter.4}% 94
\BOOKMARK [1][-]{section.4.23}{\376\377\000R\000e\000s\000u\000l\000t\000s\000\040\000a\000n\000d\000\040\000D\000i\000s\000c\000u\000s\000s\000i\000o\000n}{chapter.4}% 95
\BOOKMARK [1][-]{section.4.24}{\376\377\000T\000e\000c\000h\000n\000i\000c\000a\000l\000\040\000S\000t\000a\000c\000k}{chapter.4}% 96
\BOOKMARK [1][-]{section.4.25}{\376\377\000F\000u\000t\000u\000r\000e\000\040\000W\000o\000r\000k}{chapter.4}% 97
\BOOKMARK [1][-]{section.4.26}{\376\377\000C\000o\000n\000c\000l\000u\000s\000i\000o\000n\000\040\000t\000o\000\040\000O\000p\000e\000n\000\040\000Q\000u\000a\000n\000t\000u\000m\000\040\000C\000o\000m\000p\000o\000s\000e\000r\000\040\000P\000r\000o}{chapter.4}% 98
\BOOKMARK [0][-]{chapter.5}{\376\377\000C\000o\000n\000c\000l\000u\000s\000i\000o\000n}{part.3}% 99
\BOOKMARK [1][-]{section.5.1}{\376\377\000S\000u\000m\000m\000a\000r\000y\000\040\000o\000f\000\040\000T\000h\000e\000s\000i\000s}{chapter.5}% 100
\BOOKMARK [0][-]{appendix.A}{\376\377\000O\000p\000e\000r\000a\000t\000o\000r\000\040\000D\000e\000c\000o\000m\000p\000o\000s\000i\000t\000i\000o\000n\000s}{part.3}% 101
\BOOKMARK [1][-]{section.A.1}{\376\377\000T\000h\000e\000\040\000H\000i\000e\000r\000a\000r\000c\000h\000y\000\040\000o\000f\000\040\000O\000p\000e\000r\000a\000t\000o\000r\000s}{appendix.A}% 102
\BOOKMARK [1][-]{section.A.2}{\376\377\000M\000o\000r\000e\000\040\000O\000p\000e\000r\000a\000t\000o\000r\000s}{appendix.A}% 103
\BOOKMARK [2][-]{subsection.A.2.1}{\376\377\000R\000o\000t\000a\000t\000i\000o\000n\000\040\000G\000a\000t\000e\000s}{section.A.2}% 104
\BOOKMARK [2][-]{subsection.A.2.2}{\376\377\000C\000o\000n\000t\000r\000o\000l\000l\000e\000d\000-\000U\000\040\000G\000a\000t\000e\000s}{section.A.2}% 105
\BOOKMARK [1][-]{section.A.3}{\376\377\000S\000p\000e\000c\000t\000r\000a\000l\000\040\000D\000e\000c\000o\000m\000p\000o\000s\000i\000t\000i\000o\000n\000\040\000T\000h\000e\000o\000r\000e\000m}{appendix.A}% 106
\BOOKMARK [1][-]{section.A.4}{\376\377\000P\000o\000l\000a\000r\000\040\000D\000e\000c\000o\000m\000p\000o\000s\000i\000t\000i\000o\000n}{appendix.A}% 107
\BOOKMARK [1][-]{section.A.5}{\376\377\000S\000i\000n\000g\000u\000l\000a\000r\000\040\000V\000a\000l\000u\000e\000\040\000D\000e\000c\000o\000m\000p\000o\000s\000i\000t\000i\000o\000n}{appendix.A}% 108
\BOOKMARK [0][-]{appendix.B}{\376\377\000Q\000u\000a\000n\000t\000u\000m\000\040\000I\000n\000f\000o\000r\000m\000a\000t\000i\000o\000n}{part.3}% 109
\BOOKMARK [1][-]{section.B.1}{\376\377\000F\000u\000n\000d\000a\000m\000e\000n\000t\000a\000l\000\040\000C\000o\000n\000c\000e\000p\000t\000s}{appendix.B}% 110
\BOOKMARK [2][-]{subsection.B.1.1}{\376\377\000I\000n\000f\000o\000r\000m\000a\000t\000i\000o\000n\000\040\000a\000n\000d\000\040\000R\000e\000v\000e\000r\000s\000i\000b\000i\000l\000i\000t\000y}{section.B.1}% 111
\BOOKMARK [2][-]{subsection.B.1.2}{\376\377\000R\000e\000v\000e\000r\000s\000i\000b\000l\000e\000\040\000C\000o\000p\000y\000i\000n\000g}{section.B.1}% 112
\BOOKMARK [1][-]{section.B.2}{\376\377\000P\000u\000r\000e\000\040\000S\000t\000a\000t\000e\000s\000\040\000a\000n\000d\000\040\000M\000i\000x\000e\000d\000\040\000S\000t\000a\000t\000e\000s}{appendix.B}% 113
\BOOKMARK [1][-]{section.B.3}{\376\377\000D\000e\000n\000s\000i\000t\000y\000\040\000O\000p\000e\000r\000a\000t\000o\000r\000s}{appendix.B}% 114
\BOOKMARK [2][-]{subsection.B.3.1}{\376\377\000P\000a\000r\000t\000i\000a\000l\000\040\000T\000r\000a\000c\000e\000\040\000a\000n\000d\000\040\000R\000e\000d\000u\000c\000e\000d\000\040\000D\000e\000n\000s\000i\000t\000y\000\040\000O\000p\000e\000r\000a\000t\000o\000r\000s}{section.B.3}% 115
\BOOKMARK [2][-]{subsection.B.3.2}{\376\377\000L\000e\000m\000m\000a\000\040\000o\000n\000\040\000P\000u\000r\000e\000-\000S\000t\000a\000t\000e\000\040\000D\000e\000n\000s\000i\000t\000y\000\040\000M\000a\000t\000r\000i\000c\000e\000s}{section.B.3}% 116
\BOOKMARK [1][-]{section.B.4}{\376\377\000S\000e\000p\000a\000r\000a\000b\000i\000l\000i\000t\000y\000\040\000a\000n\000d\000\040\000E\000n\000t\000a\000n\000g\000l\000e\000m\000e\000n\000t}{appendix.B}% 117
\BOOKMARK [1][-]{section.B.5}{\376\377\000B\000e\000l\000l\000\040\000S\000t\000a\000t\000e\000s}{appendix.B}% 118
\BOOKMARK [1][-]{section.B.6}{\376\377\000S\000c\000h\000m\000i\000d\000t\000\040\000D\000e\000c\000o\000m\000p\000o\000s\000i\000t\000i\000o\000n}{appendix.B}% 119
\BOOKMARK [1][-]{section.B.7}{\376\377\000M\000e\000a\000s\000u\000r\000e\000s\000\040\000o\000f\000\040\000E\000n\000t\000a\000n\000g\000l\000e\000m\000e\000n\000t}{appendix.B}% 120
\BOOKMARK [2][-]{subsection.B.7.1}{\376\377\000P\000u\000r\000e\000-\000S\000t\000a\000t\000e\000\040\000M\000e\000a\000s\000u\000r\000e\000s}{section.B.7}% 121
\BOOKMARK [2][-]{subsection.B.7.2}{\376\377\000M\000i\000x\000e\000d\000-\000S\000t\000a\000t\000e\000\040\000M\000e\000a\000s\000u\000r\000e\000s}{section.B.7}% 122
\BOOKMARK [0][-]{appendix.C}{\376\377\000C\000i\000r\000c\000u\000i\000t\000\040\000I\000d\000e\000n\000t\000i\000t\000i\000e\000s}{part.3}% 123
\BOOKMARK [0][-]{appendix.D}{\376\377\000G\000l\000o\000s\000s\000a\000r\000y\000\040\000o\000f\000\040\000T\000e\000r\000m\000s}{part.3}% 124
\BOOKMARK [0][-]{appendix.E}{\376\377\000R\000e\000f\000e\000r\000e\000n\000c\000e\000\040\000E\000q\000u\000a\000t\000i\000o\000n\000s}{part.3}% 125
\BOOKMARK [0][-]{appendix.E}{\376\377\000B\000i\000b\000l\000i\000o\000g\000r\000a\000p\000h\000y}{part.3}% 126
